<?xml version="1.0" encoding="UTF-8"?>
<!-- Generated by org.testng.reporters.JUnitXMLReporter -->
<testsuite ignored="0" hostname="LAPTOP-7ON8U4QB" failures="0" tests="3" name="Default test" time="41.924" errors="0" timestamp="2025-05-26T18:59:34 IST">
  <testcase classname="Automation.Tests.SubmitOrderTest" name="submitOrder" time="14.742"/>
  <testcase classname="Automation.Tests.SubmitOrderTest" name="submitOrder" time="14.728"/>
  <testcase classname="Automation.Tests.SubmitOrderTest" name="orderHistory" time="0.76"/>
</testsuite> <!-- Default test -->
