<?xml version="1.0" encoding="UTF-8"?>
<!-- Generated by org.testng.reporters.JUnitXMLReporter -->
<testsuite ignored="1" hostname="LAPTOP-7ON8U4QB" failures="0" tests="1" name="Error Validations Test" time="7.14" errors="0" timestamp="2025-05-25T19:23:22 IST">
  <testcase classname="Automation.Tests.ErrorValidationTest" name="loginErrorValidation" time="1.085"/>
  <testcase classname="Automation.Tests.ErrorValidationTest" name="productErrorValidation" time="0.0">
    <ignored/>
  </testcase> <!-- productErrorValidation -->
</testsuite> <!-- Error Validations Test -->
