<?xml version="1.0" encoding="UTF-8"?>
<!-- Generated by org.testng.reporters.JUnitXMLReporter -->
<testsuite ignored="0" hostname="LAPTOP-7ON8U4QB" failures="0" tests="5" name="Submit Order Test" time="54.49" errors="0" timestamp="2025-06-02T21:44:46 IST">
  <testcase classname="Automation.Tests.SubmitOrderTest" name="submitOrder" time="2.311">
    <skipped/>
  </testcase> <!-- submitOrder -->
  <testcase classname="Automation.Tests.SubmitOrderTest" name="submitOrder" time="1.7">
    <skipped/>
  </testcase> <!-- submitOrder -->
  <testcase classname="Automation.Tests.SubmitOrderTest" name="submitOrder" time="14.163"/>
  <testcase classname="Automation.Tests.SubmitOrderTest" name="submitOrder" time="14.312"/>
  <testcase classname="Automation.Tests.SubmitOrderTest" name="orderHistory" time="0.655"/>
</testsuite> <!-- Submit Order Test -->
