<?xml version="1.0" encoding="UTF-8"?>
<!-- Generated by org.testng.reporters.JUnitXMLReporter -->
<testsuite ignored="0" hostname="LAPTOP-7ON8U4QB" failures="0" tests="3" name="Submit Order Test" time="57.708" errors="0" timestamp="2025-06-01T21:42:44 IST">
  <testcase classname="Automation.Tests.SubmitOrderTest" name="submitOrder" time="15.007"/>
  <testcase classname="Automation.Tests.SubmitOrderTest" name="submitOrder" time="14.863"/>
  <testcase classname="Automation.Tests.SubmitOrderTest" name="orderHistory" time="0.689"/>
</testsuite> <!-- Submit Order Test -->
