<?xml version="1.0" encoding="UTF-8"?>
<testng-results ignored="0" total="2" passed="2" failed="0" skipped="0">
  <reporter-output>
  </reporter-output>
  <suite started-at="2025-05-25T15:29:30 IST" name="Default suite" finished-at="2025-05-25T15:29:54 IST" duration-ms="24296">
    <groups>
    </groups>
    <test started-at="2025-05-25T15:29:30 IST" name="Default test" finished-at="2025-05-25T15:29:54 IST" duration-ms="24296">
      <class name="Automation.Tests.SubmitOrderTest">
        <test-method is-config="true" signature="lunchApplication()[pri:0, instance:Automation.Tests.SubmitOrderTest@710f4dc7]" started-at="2025-05-25T15:29:30 IST" name="lunchApplication" finished-at="2025-05-25T15:29:35 IST" duration-ms="4671" status="PASS">
          <reporter-output>
          </reporter-output>
        </test-method> <!-- lunchApplication -->
        <test-method signature="submitOrder()[pri:0, instance:Automation.Tests.SubmitOrderTest@710f4dc7]" started-at="2025-05-25T15:29:35 IST" name="submitOrder" finished-at="2025-05-25T15:29:50 IST" duration-ms="14736" status="PASS">
          <reporter-output>
          </reporter-output>
        </test-method> <!-- submitOrder -->
        <test-method is-config="true" signature="closeBrowser()[pri:0, instance:Automation.Tests.SubmitOrderTest@710f4dc7]" started-at="2025-05-25T15:29:50 IST" name="closeBrowser" finished-at="2025-05-25T15:29:50 IST" duration-ms="108" status="PASS">
          <reporter-output>
          </reporter-output>
        </test-method> <!-- closeBrowser -->
        <test-method is-config="true" signature="lunchApplication()[pri:0, instance:Automation.Tests.SubmitOrderTest@710f4dc7]" started-at="2025-05-25T15:29:50 IST" name="lunchApplication" finished-at="2025-05-25T15:29:54 IST" duration-ms="3808" status="PASS">
          <reporter-output>
          </reporter-output>
        </test-method> <!-- lunchApplication -->
        <test-method signature="orderHistory()[pri:0, instance:Automation.Tests.SubmitOrderTest@710f4dc7]" started-at="2025-05-25T15:29:54 IST" name="orderHistory" finished-at="2025-05-25T15:29:54 IST" depends-on-methods="Automation.Tests.SubmitOrderTest.submitOrder" duration-ms="765" status="PASS">
          <reporter-output>
          </reporter-output>
        </test-method> <!-- orderHistory -->
        <test-method is-config="true" signature="closeBrowser()[pri:0, instance:Automation.Tests.SubmitOrderTest@710f4dc7]" started-at="2025-05-25T15:29:54 IST" name="closeBrowser" finished-at="2025-05-25T15:29:54 IST" duration-ms="138" status="PASS">
          <reporter-output>
          </reporter-output>
        </test-method> <!-- closeBrowser -->
      </class> <!-- Automation.Tests.SubmitOrderTest -->
    </test> <!-- Default test -->
  </suite> <!-- Default suite -->
</testng-results>
