<?xml version="1.0" encoding="UTF-8"?>
<testng-results ignored="3" total="4" passed="1" failed="0" skipped="0">
  <reporter-output>
  </reporter-output>
  <suite started-at="2025-05-25T19:23:14 IST" name="Suite" finished-at="2025-05-25T19:23:22 IST" duration-ms="7140">
    <groups>
      <group name="Error Handling">
        <method signature="ErrorValidationTest.loginErrorValidation()[pri:0, instance:Automation.Tests.ErrorValidationTest@fa36558]" name="loginErrorValidation" class="Automation.Tests.ErrorValidationTest"/>
      </group> <!-- Error Handling -->
    </groups>
    <test started-at="2025-05-25T19:23:14 IST" name="Submit Order Test" finished-at="2025-05-25T19:23:14 IST" duration-ms="17">
    </test> <!-- Submit Order Test -->
    <test started-at="2025-05-25T19:23:14 IST" name="Error Validations Test" finished-at="2025-05-25T19:23:22 IST" duration-ms="7140">
      <class name="Automation.Tests.ErrorValidationTest">
        <test-method is-config="true" signature="lunchApplication()[pri:0, instance:Automation.Tests.ErrorValidationTest@fa36558]" started-at="2025-05-25T19:23:14 IST" name="lunchApplication" finished-at="2025-05-25T19:23:20 IST" duration-ms="5847" status="PASS">
          <reporter-output>
          </reporter-output>
        </test-method> <!-- lunchApplication -->
        <test-method signature="loginErrorValidation()[pri:0, instance:Automation.Tests.ErrorValidationTest@fa36558]" started-at="2025-05-25T19:23:20 IST" name="loginErrorValidation" finished-at="2025-05-25T19:23:21 IST" duration-ms="1085" status="PASS">
          <reporter-output>
          </reporter-output>
        </test-method> <!-- loginErrorValidation -->
        <test-method is-config="true" signature="closeBrowser()[pri:0, instance:Automation.Tests.ErrorValidationTest@fa36558]" started-at="2025-05-25T19:23:21 IST" name="closeBrowser" finished-at="2025-05-25T19:23:22 IST" duration-ms="136" status="PASS">
          <reporter-output>
          </reporter-output>
        </test-method> <!-- closeBrowser -->
      </class> <!-- Automation.Tests.ErrorValidationTest -->
    </test> <!-- Error Validations Test -->
  </suite> <!-- Suite -->
</testng-results>
